<?xml version="1.0" encoding="UTF-8"?>
<testng-results skipped="0" failed="0" ignored="0" total="1" passed="1">
  <reporter-output>
  </reporter-output>
  <suite name="Default suite" duration-ms="6841" started-at="2021-05-16T16:33:15 CST" finished-at="2021-05-16T16:33:22 CST">
    <groups>
    </groups>
    <test name="Default test" duration-ms="6841" started-at="2021-05-16T16:33:15 CST" finished-at="2021-05-16T16:33:22 CST">
      <class name="TestCases.TestCase7">
        <test-method status="PASS" signature="setup()[pri:0, instance:TestCases.TestCase7@491cc5c9]" name="setup" is-config="true" duration-ms="4187" started-at="2021-05-16T16:33:15 CST" finished-at="2021-05-16T16:33:19 CST">
          <reporter-output>
          </reporter-output>
        </test-method> <!-- setup -->
        <test-method status="PASS" signature="highlighterXpath()[pri:0, instance:TestCases.TestCase7@491cc5c9]" name="highlighterXpath" duration-ms="2530" started-at="2021-05-16T16:33:19 CST" finished-at="2021-05-16T16:33:22 CST">
          <reporter-output>
          </reporter-output>
        </test-method> <!-- highlighterXpath -->
        <test-method status="PASS" signature="close_browser()[pri:0, instance:TestCases.TestCase7@491cc5c9]" name="close_browser" is-config="true" duration-ms="92" started-at="2021-05-16T16:33:22 CST" finished-at="2021-05-16T16:33:22 CST">
          <reporter-output>
          </reporter-output>
        </test-method> <!-- close_browser -->
      </class> <!-- TestCases.TestCase7 -->
    </test> <!-- Default test -->
  </suite> <!-- Default suite -->
</testng-results>
